[1225/033912.979:INFO:CONSOLE(155)] "Event handler of 'x-storagemutated-1' event must be added on the initial evaluation of worker script.", source: https://static.whatsapp.net/rsrc.php/v4/ys/r/BTH6I8HLJPO.js (155)
[1225/033913.035:INFO:CONSOLE(0)] "Error with Permissions-Policy header: Feature xr-spatial-tracking's parameters are ignored.", source:  (0)
[1225/033913.036:INFO:CONSOLE(0)] "Error with Permissions-Policy header: Origin trial controlled feature not enabled: 'attribution-reporting'.", source:  (0)
[1225/033913.036:INFO:CONSOLE(0)] "Error with Permissions-Policy header: Unrecognized feature: 'compute-pressure'.", source:  (0)
[1225/033913.036:INFO:CONSOLE(0)] "Error with Permissions-Policy header: Origin trial controlled feature not enabled: 'interest-cohort'.", source:  (0)
[1225/033913.036:INFO:CONSOLE(0)] "Error with Permissions-Policy header: Unrecognized feature: 'private-state-token-issuance'.", source:  (0)
[1225/033913.036:INFO:CONSOLE(0)] "Error with Permissions-Policy header: Origin trial controlled feature not enabled: 'shared-storage'.", source:  (0)
[1225/033913.036:INFO:CONSOLE(0)] "Error with Permissions-Policy header: Unrecognized feature: 'shared-storage-select-url'.", source:  (0)
[1225/033913.036:INFO:CONSOLE(0)] "Error with Permissions-Policy header: Unrecognized feature: 'private-state-token-redemption'.", source:  (0)
[1225/033913.036:INFO:CONSOLE(0)] "Error with Permissions-Policy header: Unrecognized feature: 'unload'.", source:  (0)
[1225/033913.036:INFO:CONSOLE(0)] "Error with Permissions-Policy header: Unrecognized feature: 'window-management'.", source:  (0)
[1225/033916.330:INFO:CONSOLE(4)] "Uncaught (in promise) Error: session is not defined", source: https://web.whatsapp.com/ (4)
[1225/033917.239:INFO:CONSOLE(71)] "ErrorUtils caught an error:

Converting to a string will drop content data. Hash="undefined" Translation="{user_name} left" Content="{"key":null,"ref":null,"props":{"contact":{"id":"6282177522260@c.us","name":"Ricky Setiawan","shortName":"Ricky","pushname":"Ricky Setiawan Suryadi","type":"in","isBusiness":false,"isEnterprise":false,"isSmb":false,"isContactSyncCompleted":1,"textSta" (type=object,Object)

Subsequent non-fatal errors won't be logged; see https://fburl.com/debugjs.", source: https://static.whatsapp.net/rsrc.php/v4/yJ/r/sCs_SFWyj76.js (71)
[1225/034835.824:INFO:CONSOLE(155)] "Event handler of 'x-storagemutated-1' event must be added on the initial evaluation of worker script.", source: https://static.whatsapp.net/rsrc.php/v4/ys/r/BTH6I8HLJPO.js (155)
[1225/082142.591:INFO:CONSOLE(155)] "Event handler of 'x-storagemutated-1' event must be added on the initial evaluation of worker script.", source: https://static.whatsapp.net/rsrc.php/v4/ys/r/BTH6I8HLJPO.js (155)
[1225/090638.664:INFO:CONSOLE(155)] "Event handler of 'x-storagemutated-1' event must be added on the initial evaluation of worker script.", source: https://static.whatsapp.net/rsrc.php/v4/ys/r/BTH6I8HLJPO.js (155)
[1225/092356.344:INFO:CONSOLE(155)] "Event handler of 'x-storagemutated-1' event must be added on the initial evaluation of worker script.", source: https://static.whatsapp.net/rsrc.php/v4/ys/r/BTH6I8HLJPO.js (155)
[1226/092232.393:WARNING:dns_config_service_win.cc(584)] Failed to read DnsConfig.
[1226/092242.632:INFO:CONSOLE(1762)] "Failed to parse video contentType: video/mp4; codecs=avc1.42000a", source: https://static.whatsapp.net/rsrc.php/v4i2rE4/yY/l/rt/-goaYZNGlSE.js (1762)
[1226/092242.633:INFO:CONSOLE(1762)] "Failed to parse video contentType: video/mp4; codecs=hev1.1.6.L93.B0", source: https://static.whatsapp.net/rsrc.php/v4i2rE4/yY/l/rt/-goaYZNGlSE.js (1762)
[1226/092313.159:INFO:CONSOLE(155)] "Event handler of 'x-storagemutated-1' event must be added on the initial evaluation of worker script.", source: https://static.whatsapp.net/rsrc.php/v4/ys/r/BTH6I8HLJPO.js (155)
[1226/092747.163:INFO:CONSOLE(155)] "Event handler of 'x-storagemutated-1' event must be added on the initial evaluation of worker script.", source: https://static.whatsapp.net/rsrc.php/v4/ys/r/BTH6I8HLJPO.js (155)
